# JRE version: Java(TM) SE Runtime Environment (8.0_231-b11) (build 1.8.0_231-b11)
# Java VM: Java HotSpot(TM) 64-Bit Server VM (25.231-b11 mixed mode windows-amd64 compressed oops)
Heap:
 PSYoungGen      total 131584K, used 50337K [0x00000000eb400000, 0x00000000f3d00000, 0x0000000100000000)
  eden space 123904K, 40% used [0x00000000eb400000,0x00000000ee528458,0x00000000f2d00000)
  from space 7680K, 0% used [0x00000000f3580000,0x00000000f3580000,0x00000000f3d00000)
  to   space 8192K, 0% used [0x00000000f2d00000,0x00000000f2d00000,0x00000000f3500000)
 ParOldGen       total 30720K, used 14856K [0x00000000c1c00000, 0x00000000c3a00000, 0x00000000eb400000)
  object space 30720K, 48% used [0x00000000c1c00000,0x00000000c2a82340,0x00000000c3a00000)
 Metaspace       used 38425K, capacity 40380K, committed 40576K, reserved 1083392K
  class space    used 5328K, capacity 5710K, committed 5760K, reserved 1048576K
GC Heap History (10 events):
Event: 10.593 GC heap before
{Heap before GC invocations=10 (full 1):
 PSYoungGen      total 70656K, used 67610K [0x00000000eb400000, 0x00000000f0000000, 0x0000000100000000)
  eden space 65024K, 100% used [0x00000000eb400000,0x00000000ef380000,0x00000000ef380000)
  from space 5632K, 45% used [0x00000000ef980000,0x00000000efc068a0,0x00000000eff00000)
  to   space 6144K, 0% used [0x00000000ef380000,0x00000000ef380000,0x00000000ef980000)
 ParOldGen       total 30720K, used 7084K [0x00000000c1c00000, 0x00000000c3a00000, 0x00000000eb400000)
  object space 30720K, 23% used [0x00000000c1c00000,0x00000000c22eb330,0x00000000c3a00000)
 Metaspace       used 24195K, capacity 25166K, committed 25344K, reserved 1071104K
  class space    used 3255K, capacity 3493K, committed 3584K, reserved 1048576K
Event: 10.603 GC heap after
Heap after GC invocations=10 (full 1):
 PSYoungGen      total 71168K, used 6134K [0x00000000eb400000, 0x00000000f1a80000, 0x0000000100000000)
  eden space 65024K, 0% used [0x00000000eb400000,0x00000000eb400000,0x00000000ef380000)
  from space 6144K, 99% used [0x00000000ef380000,0x00000000ef97d950,0x00000000ef980000)
  to   space 7168K, 0% used [0x00000000f1380000,0x00000000f1380000,0x00000000f1a80000)
 ParOldGen       total 30720K, used 7474K [0x00000000c1c00000, 0x00000000c3a00000, 0x00000000eb400000)
  object space 30720K, 24% used [0x00000000c1c00000,0x00000000c234cac0,0x00000000c3a00000)
 Metaspace       used 24195K, capacity 25166K, committed 25344K, reserved 1071104K
  class space    used 3255K, capacity 3493K, committed 3584K, reserved 1048576K
}
Event: 12.615 GC heap before
{Heap before GC invocations=11 (full 1):
 PSYoungGen      total 71168K, used 71158K [0x00000000eb400000, 0x00000000f1a80000, 0x0000000100000000)
  eden space 65024K, 100% used [0x00000000eb400000,0x00000000ef380000,0x00000000ef380000)
  from space 6144K, 99% used [0x00000000ef380000,0x00000000ef97d950,0x00000000ef980000)
  to   space 7168K, 0% used [0x00000000f1380000,0x00000000f1380000,0x00000000f1a80000)
 ParOldGen       total 30720K, used 7474K [0x00000000c1c00000, 0x00000000c3a00000, 0x00000000eb400000)
  object space 30720K, 24% used [0x00000000c1c00000,0x00000000c234cac0,0x00000000c3a00000)
 Metaspace       used 27825K, capacity 29498K, committed 29824K, reserved 1075200K
  class space    used 3819K, capacity 4133K, committed 4224K, reserved 1048576K
Event: 12.637 GC heap after
Heap after GC invocations=11 (full 1):
 PSYoungGen      total 96768K, used 7158K [0x00000000eb400000, 0x00000000f1c00000, 0x0000000100000000)
  eden space 89600K, 0% used [0x00000000eb400000,0x00000000eb400000,0x00000000f0b80000)
  from space 7168K, 99% used [0x00000000f1380000,0x00000000f1a7d958,0x00000000f1a80000)
  to   space 8192K, 0% used [0x00000000f0b80000,0x00000000f0b80000,0x00000000f1380000)
 ParOldGen       total 30720K, used 8704K [0x00000000c1c00000, 0x00000000c3a00000, 0x00000000eb400000)
  object space 30720K, 28% used [0x00000000c1c00000,0x00000000c2480040,0x00000000c3a00000)
 Metaspace       used 27825K, capacity 29498K, committed 29824K, reserved 1075200K
  class space    used 3819K, capacity 4133K, committed 4224K, reserved 1048576K
}
Event: 14.428 GC heap before
{Heap before GC invocations=12 (full 1):
 PSYoungGen      total 96768K, used 96758K [0x00000000eb400000, 0x00000000f1c00000, 0x0000000100000000)
  eden space 89600K, 100% used [0x00000000eb400000,0x00000000f0b80000,0x00000000f0b80000)
  from space 7168K, 99% used [0x00000000f1380000,0x00000000f1a7d958,0x00000000f1a80000)
  to   space 8192K, 0% used [0x00000000f0b80000,0x00000000f0b80000,0x00000000f1380000)
 ParOldGen       total 30720K, used 8704K [0x00000000c1c00000, 0x00000000c3a00000, 0x00000000eb400000)
  object space 30720K, 28% used [0x00000000c1c00000,0x00000000c2480040,0x00000000c3a00000)
 Metaspace       used 30914K, capacity 32668K, committed 33024K, reserved 1077248K
  class space    used 4162K, capacity 4502K, committed 4608K, reserved 1048576K
Event: 14.457 GC heap after
Heap after GC invocations=12 (full 1):
 PSYoungGen      total 97792K, used 4705K [0x00000000eb400000, 0x00000000f3d80000, 0x0000000100000000)
  eden space 89600K, 0% used [0x00000000eb400000,0x00000000eb400000,0x00000000f0b80000)
  from space 8192K, 57% used [0x00000000f0b80000,0x00000000f10184b0,0x00000000f1380000)
  to   space 8192K, 0% used [0x00000000f3580000,0x00000000f3580000,0x00000000f3d80000)
 ParOldGen       total 30720K, used 13428K [0x00000000c1c00000, 0x00000000c3a00000, 0x00000000eb400000)
  object space 30720K, 43% used [0x00000000c1c00000,0x00000000c291d130,0x00000000c3a00000)
 Metaspace       used 30914K, capacity 32668K, committed 33024K, reserved 1077248K
  class space    used 4162K, capacity 4502K, committed 4608K, reserved 1048576K
}
Event: 15.496 GC heap before
{Heap before GC invocations=13 (full 1):
 PSYoungGen      total 97792K, used 30740K [0x00000000eb400000, 0x00000000f3d80000, 0x0000000100000000)
  eden space 89600K, 29% used [0x00000000eb400000,0x00000000ecd6ccb8,0x00000000f0b80000)
  from space 8192K, 57% used [0x00000000f0b80000,0x00000000f10184b0,0x00000000f1380000)
  to   space 8192K, 0% used [0x00000000f3580000,0x00000000f3580000,0x00000000f3d80000)
 ParOldGen       total 30720K, used 13428K [0x00000000c1c00000, 0x00000000c3a00000, 0x00000000eb400000)
  object space 30720K, 43% used [0x00000000c1c00000,0x00000000c291d130,0x00000000c3a00000)
 Metaspace       used 33541K, capacity 35350K, committed 35456K, reserved 1079296K
  class space    used 4615K, capacity 4961K, committed 4992K, reserved 1048576K
Event: 15.508 GC heap after
Heap after GC invocations=13 (full 1):
 PSYoungGen      total 131584K, used 2822K [0x00000000eb400000, 0x00000000f3d00000, 0x0000000100000000)
  eden space 123904K, 0% used [0x00000000eb400000,0x00000000eb400000,0x00000000f2d00000)
  from space 7680K, 36% used [0x00000000f3580000,0x00000000f3841918,0x00000000f3d00000)
  to   space 8192K, 0% used [0x00000000f2d00000,0x00000000f2d00000,0x00000000f3500000)
 ParOldGen       total 30720K, used 15346K [0x00000000c1c00000, 0x00000000c3a00000, 0x00000000eb400000)
  object space 30720K, 49% used [0x00000000c1c00000,0x00000000c2afcb10,0x00000000c3a00000)
 Metaspace       used 33541K, capacity 35350K, committed 35456K, reserved 1079296K
  class space    used 4615K, capacity 4961K, committed 4992K, reserved 1048576K
}
Event: 15.508 GC heap before
{Heap before GC invocations=14 (full 2):
 PSYoungGen      total 131584K, used 2822K [0x00000000eb400000, 0x00000000f3d00000, 0x0000000100000000)
  eden space 123904K, 0% used [0x00000000eb400000,0x00000000eb400000,0x00000000f2d00000)
  from space 7680K, 36% used [0x00000000f3580000,0x00000000f3841918,0x00000000f3d00000)
  to   space 8192K, 0% used [0x00000000f2d00000,0x00000000f2d00000,0x00000000f3500000)
 ParOldGen       total 30720K, used 15346K [0x00000000c1c00000, 0x00000000c3a00000, 0x00000000eb400000)
  object space 30720K, 49% used [0x00000000c1c00000,0x00000000c2afcb10,0x00000000c3a00000)
 Metaspace       used 33541K, capacity 35350K, committed 35456K, reserved 1079296K
  class space    used 4615K, capacity 4961K, committed 4992K, reserved 1048576K
Event: 15.667 GC heap after
Heap after GC invocations=14 (full 2):
 PSYoungGen      total 131584K, used 0K [0x00000000eb400000, 0x00000000f3d00000, 0x0000000100000000)
  eden space 123904K, 0% used [0x00000000eb400000,0x00000000eb400000,0x00000000f2d00000)
  from space 7680K, 0% used [0x00000000f3580000,0x00000000f3580000,0x00000000f3d00000)
  to   space 8192K, 0% used [0x00000000f2d00000,0x00000000f2d00000,0x00000000f3500000)
 ParOldGen       total 30720K, used 14856K [0x00000000c1c00000, 0x00000000c3a00000, 0x00000000eb400000)
  object space 30720K, 48% used [0x00000000c1c00000,0x00000000c2a82340,0x00000000c3a00000)
 Metaspace       used 33541K, capacity 35350K, committed 35456K, reserved 1079296K
  class space    used 4615K, capacity 4961K, committed 4992K, reserved 1048576K
}

