# JRE version: Java(TM) SE Runtime Environment (8.0_231-b11) (build 1.8.0_231-b11)
# Java VM: Java HotSpot(TM) 64-Bit Server VM (25.231-b11 mixed mode windows-amd64 compressed oops)
Heap:
 PSYoungGen      total 71168K, used 42630K [0x00000000eb400000, 0x00000000f3f00000, 0x0000000100000000)
  eden space 65024K, 65% used [0x00000000eb400000,0x00000000edda1a98,0x00000000ef380000)
  from space 6144K, 0% used [0x00000000ef380000,0x00000000ef380000,0x00000000ef980000)
  to   space 6144K, 0% used [0x00000000f3900000,0x00000000f3900000,0x00000000f3f00000)
 ParOldGen       total 32768K, used 6438K [0x00000000c1c00000, 0x00000000c3c00000, 0x00000000eb400000)
  object space 32768K, 19% used [0x00000000c1c00000,0x00000000c22498c8,0x00000000c3c00000)
 Metaspace       used 23596K, capacity 24884K, committed 24960K, reserved 1071104K
  class space    used 3117K, capacity 3392K, committed 3456K, reserved 1048576K
GC Heap History (10 events):
Event: 3.434 GC heap before
{Heap before GC invocations=4 (full 0):
 PSYoungGen      total 18944K, used 18928K [0x00000000eb400000, 0x00000000ed900000, 0x0000000100000000)
  eden space 16384K, 100% used [0x00000000eb400000,0x00000000ec400000,0x00000000ec400000)
  from space 2560K, 99% used [0x00000000ec400000,0x00000000ec67c010,0x00000000ec680000)
  to   space 2560K, 0% used [0x00000000ed680000,0x00000000ed680000,0x00000000ed900000)
 ParOldGen       total 44032K, used 2253K [0x00000000c1c00000, 0x00000000c4700000, 0x00000000eb400000)
  object space 44032K, 5% used [0x00000000c1c00000,0x00000000c1e33620,0x00000000c4700000)
 Metaspace       used 12610K, capacity 13552K, committed 13568K, reserved 1060864K
  class space    used 1595K, capacity 1792K, committed 1792K, reserved 1048576K
Event: 3.443 GC heap after
Heap after GC invocations=4 (full 0):
 PSYoungGen      total 35328K, used 2553K [0x00000000eb400000, 0x00000000ed900000, 0x0000000100000000)
  eden space 32768K, 0% used [0x00000000eb400000,0x00000000eb400000,0x00000000ed400000)
  from space 2560K, 99% used [0x00000000ed680000,0x00000000ed8fe610,0x00000000ed900000)
  to   space 2560K, 0% used [0x00000000ed400000,0x00000000ed400000,0x00000000ed680000)
 ParOldGen       total 44032K, used 3702K [0x00000000c1c00000, 0x00000000c4700000, 0x00000000eb400000)
  object space 44032K, 8% used [0x00000000c1c00000,0x00000000c1f9da70,0x00000000c4700000)
 Metaspace       used 12610K, capacity 13552K, committed 13568K, reserved 1060864K
  class space    used 1595K, capacity 1792K, committed 1792K, reserved 1048576K
}
Event: 4.317 GC heap before
{Heap before GC invocations=5 (full 0):
 PSYoungGen      total 35328K, used 35321K [0x00000000eb400000, 0x00000000ed900000, 0x0000000100000000)
  eden space 32768K, 100% used [0x00000000eb400000,0x00000000ed400000,0x00000000ed400000)
  from space 2560K, 99% used [0x00000000ed680000,0x00000000ed8fe610,0x00000000ed900000)
  to   space 2560K, 0% used [0x00000000ed400000,0x00000000ed400000,0x00000000ed680000)
 ParOldGen       total 44032K, used 3702K [0x00000000c1c00000, 0x00000000c4700000, 0x00000000eb400000)
  object space 44032K, 8% used [0x00000000c1c00000,0x00000000c1f9da70,0x00000000c4700000)
 Metaspace       used 15987K, capacity 17182K, committed 17408K, reserved 1064960K
  class space    used 2042K, capacity 2287K, committed 2304K, reserved 1048576K
Event: 4.331 GC heap after
Heap after GC invocations=5 (full 0):
 PSYoungGen      total 35328K, used 2540K [0x00000000eb400000, 0x00000000eff00000, 0x0000000100000000)
  eden space 32768K, 0% used [0x00000000eb400000,0x00000000eb400000,0x00000000ed400000)
  from space 2560K, 99% used [0x00000000ed400000,0x00000000ed67b0b8,0x00000000ed680000)
  to   space 5632K, 0% used [0x00000000ef980000,0x00000000ef980000,0x00000000eff00000)
 ParOldGen       total 44032K, used 6704K [0x00000000c1c00000, 0x00000000c4700000, 0x00000000eb400000)
  object space 44032K, 15% used [0x00000000c1c00000,0x00000000c228c338,0x00000000c4700000)
 Metaspace       used 15987K, capacity 17182K, committed 17408K, reserved 1064960K
  class space    used 2042K, capacity 2287K, committed 2304K, reserved 1048576K
}
Event: 4.951 GC heap before
{Heap before GC invocations=6 (full 0):
 PSYoungGen      total 35328K, used 35308K [0x00000000eb400000, 0x00000000eff00000, 0x0000000100000000)
  eden space 32768K, 100% used [0x00000000eb400000,0x00000000ed400000,0x00000000ed400000)
  from space 2560K, 99% used [0x00000000ed400000,0x00000000ed67b0b8,0x00000000ed680000)
  to   space 5632K, 0% used [0x00000000ef980000,0x00000000ef980000,0x00000000eff00000)
 ParOldGen       total 44032K, used 6704K [0x00000000c1c00000, 0x00000000c4700000, 0x00000000eb400000)
  object space 44032K, 15% used [0x00000000c1c00000,0x00000000c228c338,0x00000000c4700000)
 Metaspace       used 18285K, capacity 19416K, committed 19712K, reserved 1067008K
  class space    used 2451K, capacity 2696K, committed 2816K, reserved 1048576K
Event: 4.963 GC heap after
Heap after GC invocations=6 (full 0):
 PSYoungGen      total 70656K, used 5094K [0x00000000eb400000, 0x00000000f0000000, 0x0000000100000000)
  eden space 65024K, 0% used [0x00000000eb400000,0x00000000eb400000,0x00000000ef380000)
  from space 5632K, 90% used [0x00000000ef980000,0x00000000efe798f8,0x00000000eff00000)
  to   space 6144K, 0% used [0x00000000ef380000,0x00000000ef380000,0x00000000ef980000)
 ParOldGen       total 44032K, used 6712K [0x00000000c1c00000, 0x00000000c4700000, 0x00000000eb400000)
  object space 44032K, 15% used [0x00000000c1c00000,0x00000000c228e338,0x00000000c4700000)
 Metaspace       used 18285K, capacity 19416K, committed 19712K, reserved 1067008K
  class space    used 2451K, capacity 2696K, committed 2816K, reserved 1048576K
}
Event: 5.180 GC heap before
{Heap before GC invocations=7 (full 0):
 PSYoungGen      total 70656K, used 29669K [0x00000000eb400000, 0x00000000f0000000, 0x0000000100000000)
  eden space 65024K, 37% used [0x00000000eb400000,0x00000000ecbffed0,0x00000000ef380000)
  from space 5632K, 90% used [0x00000000ef980000,0x00000000efe798f8,0x00000000eff00000)
  to   space 6144K, 0% used [0x00000000ef380000,0x00000000ef380000,0x00000000ef980000)
 ParOldGen       total 44032K, used 6712K [0x00000000c1c00000, 0x00000000c4700000, 0x00000000eb400000)
  object space 44032K, 15% used [0x00000000c1c00000,0x00000000c228e338,0x00000000c4700000)
 Metaspace       used 19908K, capacity 21124K, committed 21248K, reserved 1067008K
  class space    used 2711K, capacity 2982K, committed 3072K, reserved 1048576K
Event: 5.202 GC heap after
Heap after GC invocations=7 (full 0):
 PSYoungGen      total 71168K, used 3952K [0x00000000eb400000, 0x00000000f3f00000, 0x0000000100000000)
  eden space 65024K, 0% used [0x00000000eb400000,0x00000000eb400000,0x00000000ef380000)
  from space 6144K, 64% used [0x00000000ef380000,0x00000000ef75c0a0,0x00000000ef980000)
  to   space 6144K, 0% used [0x00000000f3900000,0x00000000f3900000,0x00000000f3f00000)
 ParOldGen       total 44032K, used 7965K [0x00000000c1c00000, 0x00000000c4700000, 0x00000000eb400000)
  object space 44032K, 18% used [0x00000000c1c00000,0x00000000c23c77d0,0x00000000c4700000)
 Metaspace       used 19908K, capacity 21124K, committed 21248K, reserved 1067008K
  class space    used 2711K, capacity 2982K, committed 3072K, reserved 1048576K
}
Event: 5.202 GC heap before
{Heap before GC invocations=8 (full 1):
 PSYoungGen      total 71168K, used 3952K [0x00000000eb400000, 0x00000000f3f00000, 0x0000000100000000)
  eden space 65024K, 0% used [0x00000000eb400000,0x00000000eb400000,0x00000000ef380000)
  from space 6144K, 64% used [0x00000000ef380000,0x00000000ef75c0a0,0x00000000ef980000)
  to   space 6144K, 0% used [0x00000000f3900000,0x00000000f3900000,0x00000000f3f00000)
 ParOldGen       total 44032K, used 7965K [0x00000000c1c00000, 0x00000000c4700000, 0x00000000eb400000)
  object space 44032K, 18% used [0x00000000c1c00000,0x00000000c23c77d0,0x00000000c4700000)
 Metaspace       used 19908K, capacity 21124K, committed 21248K, reserved 1067008K
  class space    used 2711K, capacity 2982K, committed 3072K, reserved 1048576K
Event: 5.310 GC heap after
Heap after GC invocations=8 (full 1):
 PSYoungGen      total 71168K, used 0K [0x00000000eb400000, 0x00000000f3f00000, 0x0000000100000000)
  eden space 65024K, 0% used [0x00000000eb400000,0x00000000eb400000,0x00000000ef380000)
  from space 6144K, 0% used [0x00000000ef380000,0x00000000ef380000,0x00000000ef980000)
  to   space 6144K, 0% used [0x00000000f3900000,0x00000000f3900000,0x00000000f3f00000)
 ParOldGen       total 32768K, used 6438K [0x00000000c1c00000, 0x00000000c3c00000, 0x00000000eb400000)
  object space 32768K, 19% used [0x00000000c1c00000,0x00000000c22498c8,0x00000000c3c00000)
 Metaspace       used 19908K, capacity 21124K, committed 21248K, reserved 1067008K
  class space    used 2711K, capacity 2982K, committed 3072K, reserved 1048576K
}

